<?xml version="1.0" encoding="UTF-8"?>
<!-- Generated by org.testng.reporters.JUnitReportReporter -->
<testsuite hostname="DESKTOP-PSJD979" failures="0" tests="1" name="Productstest.AddProductToCartTest" time="38.623" errors="0" timestamp="2024-11-30T17:32:45 IST" skipped="0">
  <testcase classname="Productstest.AddProductToCartTest" name="tc_001_AddProductToCartTest" time="38.623"/>
  <system-out/>
</testsuite> <!-- Productstest.AddProductToCartTest -->
