<?xml version="1.0" encoding="UTF-8"?>
<!-- Generated by org.testng.reporters.JUnitReportReporter -->
<testsuite hostname="DESKTOP-PSJD979" failures="0" tests="1" name="Practice.TestNGPractice" time="0.012" errors="0" timestamp="2024-11-19T19:30:10 IST" skipped="0">
  <testcase classname="Practice.TestNGPractice" name="demo" time="0.012"/>
  <system-out/>
</testsuite> <!-- Practice.TestNGPractice -->
